[0.010s] Invoking command in '/home/ros2class/ros2_ws/build/offboard_control': AMENT_PREFIX_PATH=/home/ros2class/ros2_ws/install/px4_msgs:${AMENT_PREFIX_PATH} CMAKE_PREFIX_PATH=/home/ros2class/ros2_ws/install/px4_msgs:/opt/ros/humble LD_LIBRARY_PATH=/home/ros2class/ros2_ws/install/px4_msgs/lib:${LD_LIBRARY_PATH} PYTHONPATH=/home/ros2class/ros2_ws/install/px4_msgs/local/lib/python3.10/dist-packages:${PYTHONPATH} /usr/bin/cmake /home/ros2class/ros2_ws/src/offboard_control -DCMAKE_INSTALL_PREFIX=/home/ros2class/ros2_ws/install/offboard_control
[0.091s] -- The C compiler identification is GNU 11.4.0
[0.182s] -- The CXX compiler identification is GNU 11.4.0
[0.194s] -- Detecting C compiler ABI info
[0.296s] -- Detecting C compiler ABI info - done
[0.311s] -- Check for working C compiler: /usr/bin/cc - skipped
[0.311s] -- Detecting C compile features
[0.312s] -- Detecting C compile features - done
[0.318s] -- Detecting CXX compiler ABI info
[0.437s] -- Detecting CXX compiler ABI info - done
[0.452s] -- Check for working CXX compiler: /usr/bin/c++ - skipped
[0.452s] -- Detecting CXX compile features
[0.453s] -- Detecting CXX compile features - done
[0.456s] -- Found ament_cmake: 1.3.13 (/opt/ros/humble/share/ament_cmake/cmake)
[0.741s] -- Found Python3: /usr/bin/python3 (found version "3.10.12") found components: Interpreter 
[0.910s] -- Found rclcpp: 16.0.18 (/opt/ros/humble/share/rclcpp/cmake)
[1.058s] -- Found rosidl_generator_c: 3.1.8 (/opt/ros/humble/share/rosidl_generator_c/cmake)
[1.066s] -- Found rosidl_adapter: 3.1.8 (/opt/ros/humble/share/rosidl_adapter/cmake)
[1.080s] -- Found rosidl_generator_cpp: 3.1.8 (/opt/ros/humble/share/rosidl_generator_cpp/cmake)
[1.101s] -- Using all available rosidl_typesupport_c: rosidl_typesupport_fastrtps_c;rosidl_typesupport_introspection_c
[1.127s] -- Using all available rosidl_typesupport_cpp: rosidl_typesupport_fastrtps_cpp;rosidl_typesupport_introspection_cpp
[1.337s] -- Found rmw_implementation_cmake: 6.1.2 (/opt/ros/humble/share/rmw_implementation_cmake/cmake)
[1.355s] -- Found rmw_fastrtps_cpp: 6.2.10 (/opt/ros/humble/share/rmw_fastrtps_cpp/cmake)
[1.918s] -- Found OpenSSL: /usr/lib/x86_64-linux-gnu/libcrypto.so (found version "3.0.2")  
[1.992s] -- Found FastRTPS: /opt/ros/humble/include  
[2.065s] -- Using RMW implementation 'rmw_fastrtps_cpp' as default
[2.174s] -- Looking for pthread.h
[2.298s] -- Looking for pthread.h - found
[2.299s] -- Performing Test CMAKE_HAVE_LIBC_PTHREAD
[2.405s] -- Performing Test CMAKE_HAVE_LIBC_PTHREAD - Success
[2.406s] -- Found Threads: TRUE  
[2.583s] -- Found px4_msgs: 2.0.1 (/home/ros2class/ros2_ws/install/px4_msgs/share/px4_msgs/cmake)
[2.626s] -- Found ament_lint_auto: 0.12.15 (/opt/ros/humble/share/ament_lint_auto/cmake)
[2.843s] -- Added test 'cppcheck' to perform static code analysis on C / C++ code
[2.843s] -- Configured cppcheck include dirs: 
[2.844s] -- Configured cppcheck exclude dirs and/or files: 
[2.845s] -- Added test 'flake8' to check Python code syntax and style conventions
[2.846s] -- Added test 'lint_cmake' to check CMake code style
[2.847s] -- Added test 'pep257' to check Python code against some of the docstring style conventions in PEP 257
[2.849s] -- Added test 'uncrustify' to check C / C++ code style
[2.849s] -- Configured uncrustify additional arguments: 
[2.850s] -- Added test 'xmllint' to check XML markup files
[2.852s] -- Configuring done
[2.865s] -- Generating done
[2.872s] -- Build files have been written to: /home/ros2class/ros2_ws/build/offboard_control
[2.889s] Invoked command in '/home/ros2class/ros2_ws/build/offboard_control' returned '0': AMENT_PREFIX_PATH=/home/ros2class/ros2_ws/install/px4_msgs:${AMENT_PREFIX_PATH} CMAKE_PREFIX_PATH=/home/ros2class/ros2_ws/install/px4_msgs:/opt/ros/humble LD_LIBRARY_PATH=/home/ros2class/ros2_ws/install/px4_msgs/lib:${LD_LIBRARY_PATH} PYTHONPATH=/home/ros2class/ros2_ws/install/px4_msgs/local/lib/python3.10/dist-packages:${PYTHONPATH} /usr/bin/cmake /home/ros2class/ros2_ws/src/offboard_control -DCMAKE_INSTALL_PREFIX=/home/ros2class/ros2_ws/install/offboard_control
[2.891s] Invoking command in '/home/ros2class/ros2_ws/build/offboard_control': AMENT_PREFIX_PATH=/home/ros2class/ros2_ws/install/px4_msgs:${AMENT_PREFIX_PATH} CMAKE_PREFIX_PATH=/home/ros2class/ros2_ws/install/px4_msgs:/opt/ros/humble LD_LIBRARY_PATH=/home/ros2class/ros2_ws/install/px4_msgs/lib:${LD_LIBRARY_PATH} PYTHONPATH=/home/ros2class/ros2_ws/install/px4_msgs/local/lib/python3.10/dist-packages:${PYTHONPATH} /usr/bin/cmake --build /home/ros2class/ros2_ws/build/offboard_control -- -j4 -l4
[2.956s] [ 50%] [32mBuilding CXX object CMakeFiles/offboard_node.dir/src/offboard_node.cpp.o[0m
[11.790s] [100%] [32m[1mLinking CXX executable offboard_node[0m
[12.151s] [100%] Built target offboard_node
[12.166s] Invoked command in '/home/ros2class/ros2_ws/build/offboard_control' returned '0': AMENT_PREFIX_PATH=/home/ros2class/ros2_ws/install/px4_msgs:${AMENT_PREFIX_PATH} CMAKE_PREFIX_PATH=/home/ros2class/ros2_ws/install/px4_msgs:/opt/ros/humble LD_LIBRARY_PATH=/home/ros2class/ros2_ws/install/px4_msgs/lib:${LD_LIBRARY_PATH} PYTHONPATH=/home/ros2class/ros2_ws/install/px4_msgs/local/lib/python3.10/dist-packages:${PYTHONPATH} /usr/bin/cmake --build /home/ros2class/ros2_ws/build/offboard_control -- -j4 -l4
[12.168s] Invoking command in '/home/ros2class/ros2_ws/build/offboard_control': AMENT_PREFIX_PATH=/home/ros2class/ros2_ws/install/px4_msgs:${AMENT_PREFIX_PATH} CMAKE_PREFIX_PATH=/home/ros2class/ros2_ws/install/px4_msgs:/opt/ros/humble LD_LIBRARY_PATH=/home/ros2class/ros2_ws/install/px4_msgs/lib:${LD_LIBRARY_PATH} PYTHONPATH=/home/ros2class/ros2_ws/install/px4_msgs/local/lib/python3.10/dist-packages:${PYTHONPATH} /usr/bin/cmake --install /home/ros2class/ros2_ws/build/offboard_control
[12.178s] -- Install configuration: ""
[12.178s] -- Installing: /home/ros2class/ros2_ws/install/offboard_control/lib/offboard_control/offboard_node
[12.180s] -- Set runtime path of "/home/ros2class/ros2_ws/install/offboard_control/lib/offboard_control/offboard_node" to ""
[12.180s] -- Installing: /home/ros2class/ros2_ws/install/offboard_control/share/ament_index/resource_index/package_run_dependencies/offboard_control
[12.180s] -- Installing: /home/ros2class/ros2_ws/install/offboard_control/share/ament_index/resource_index/parent_prefix_path/offboard_control
[12.181s] -- Installing: /home/ros2class/ros2_ws/install/offboard_control/share/offboard_control/environment/ament_prefix_path.sh
[12.181s] -- Installing: /home/ros2class/ros2_ws/install/offboard_control/share/offboard_control/environment/ament_prefix_path.dsv
[12.181s] -- Installing: /home/ros2class/ros2_ws/install/offboard_control/share/offboard_control/environment/path.sh
[12.182s] -- Installing: /home/ros2class/ros2_ws/install/offboard_control/share/offboard_control/environment/path.dsv
[12.182s] -- Installing: /home/ros2class/ros2_ws/install/offboard_control/share/offboard_control/local_setup.bash
[12.182s] -- Installing: /home/ros2class/ros2_ws/install/offboard_control/share/offboard_control/local_setup.sh
[12.183s] -- Installing: /home/ros2class/ros2_ws/install/offboard_control/share/offboard_control/local_setup.zsh
[12.183s] -- Installing: /home/ros2class/ros2_ws/install/offboard_control/share/offboard_control/local_setup.dsv
[12.183s] -- Installing: /home/ros2class/ros2_ws/install/offboard_control/share/offboard_control/package.dsv
[12.183s] -- Installing: /home/ros2class/ros2_ws/install/offboard_control/share/ament_index/resource_index/packages/offboard_control
[12.184s] -- Installing: /home/ros2class/ros2_ws/install/offboard_control/share/offboard_control/cmake/offboard_controlConfig.cmake
[12.184s] -- Installing: /home/ros2class/ros2_ws/install/offboard_control/share/offboard_control/cmake/offboard_controlConfig-version.cmake
[12.184s] -- Installing: /home/ros2class/ros2_ws/install/offboard_control/share/offboard_control/package.xml
[12.187s] Invoked command in '/home/ros2class/ros2_ws/build/offboard_control' returned '0': AMENT_PREFIX_PATH=/home/ros2class/ros2_ws/install/px4_msgs:${AMENT_PREFIX_PATH} CMAKE_PREFIX_PATH=/home/ros2class/ros2_ws/install/px4_msgs:/opt/ros/humble LD_LIBRARY_PATH=/home/ros2class/ros2_ws/install/px4_msgs/lib:${LD_LIBRARY_PATH} PYTHONPATH=/home/ros2class/ros2_ws/install/px4_msgs/local/lib/python3.10/dist-packages:${PYTHONPATH} /usr/bin/cmake --install /home/ros2class/ros2_ws/build/offboard_control
